producer_class	xtools.gsea.GseaPreranked
producer_timestamp	1593689228428
param	rpt_label	my_analysis
param	rnd_seed	timestamp
param	set_min	5
param	zip_report	false
param	create_svgs	false
param	scoring_scheme	weighted
param	rnk	/Users/hollaa/Desktop/corona/R2/results/DE_genes.rnk
param	norm	meandiv
param	out	/Users/hollaa/Desktop/corona/R2/results/GSE147507_c6_biocarta_7.1_symbols
param	mode	Max_probe
param	include_only_symbols	true
param	help	false
param	set_max	500
param	gmx	ftp.broadinstitute.org//pub/gsea/gene_sets/c2.cp.biocarta.v7.1.symbols.gmt
param	make_sets	true
param	plot_top_x	20
param	gui	false
param	nperm	1000
param	collapse	No_Collapse

file	results/GSE147507_c6_biocarta_7.1_symbols/my_analysis.GseaPreranked.1593689228428/index.html
